<?xml version="1.0" encoding="UTF-8"?>
<!-- Generated by org.testng.reporters.JUnitReportReporter -->
<testsuite hostname="DESKTOP-V7QB8EL" failures="0" tests="3" name="com.TestNG.RunTestNG" time="0.005" errors="1" timestamp="2022-03-02T17:52:48 COT" skipped="0">
  <testcase classname="com.TestNG.RunTestNG" name="toolsQATestNG" time="0.001">
    <error message="Unresolved compilation problems: 
	The method IngresoDemoQA(String, File, String) in the type PageObjectAlerts is not applicable for the arguments (String, File, String, String)
	The method IngresoDemoQA(String, File, String) in the type PageObjectAlerts is not applicable for the arguments (String, File, String, String)
" type="java.lang.Error">
      <![CDATA[java.lang.Error: Unresolved compilation problems: 
The method IngresoDemoQA(String, File, String) in the type PageObjectAlerts is not applicable for the arguments (String, File, String, String)
The method IngresoDemoQA(String, File, String) in the type PageObjectAlerts is not applicable for the arguments (String, File, String, String)

at com.TestNG.RunTestNG.toolsQATestNG(RunTestNG.java:216)
at java.base/jdk.internal.reflect.NativeMethodAccessorImpl.invoke0(Native Method)
at java.base/jdk.internal.reflect.NativeMethodAccessorImpl.invoke(NativeMethodAccessorImpl.java:77)
at java.base/jdk.internal.reflect.DelegatingMethodAccessorImpl.invoke(DelegatingMethodAccessorImpl.java:43)
at java.base/java.lang.reflect.Method.invoke(Method.java:568)
at org.testng.internal.MethodInvocationHelper.invokeMethod(MethodInvocationHelper.java:134)
at org.testng.internal.TestInvoker.invokeMethod(TestInvoker.java:597)
at org.testng.internal.TestInvoker.invokeTestMethod(TestInvoker.java:173)
at org.testng.internal.MethodRunner.runInSequence(MethodRunner.java:46)
at org.testng.internal.TestInvoker$MethodInvocationAgent.invoke(TestInvoker.java:816)
at org.testng.internal.TestInvoker.invokeTestMethods(TestInvoker.java:146)
at org.testng.internal.TestMethodWorker.invokeTestMethods(TestMethodWorker.java:146)
at org.testng.internal.TestMethodWorker.run(TestMethodWorker.java:128)
at java.base/java.util.ArrayList.forEach(ArrayList.java:1511)
at org.testng.TestRunner.privateRun(TestRunner.java:766)
at org.testng.TestRunner.run(TestRunner.java:587)
at org.testng.SuiteRunner.runTest(SuiteRunner.java:384)
at org.testng.SuiteRunner.runSequentially(SuiteRunner.java:378)
at org.testng.SuiteRunner.privateRun(SuiteRunner.java:337)
at org.testng.SuiteRunner.run(SuiteRunner.java:286)
at org.testng.SuiteRunnerWorker.runSuite(SuiteRunnerWorker.java:53)
at org.testng.SuiteRunnerWorker.run(SuiteRunnerWorker.java:96)
at org.testng.TestNG.runSuitesSequentially(TestNG.java:1187)
at org.testng.TestNG.runSuitesLocally(TestNG.java:1109)
at org.testng.TestNG.runSuites(TestNG.java:1039)
at org.testng.TestNG.run(TestNG.java:1007)
at org.testng.remote.AbstractRemoteTestNG.run(AbstractRemoteTestNG.java:115)
at org.testng.remote.RemoteTestNG.initAndRun(RemoteTestNG.java:251)
at org.testng.remote.RemoteTestNG.main(RemoteTestNG.java:77)
]]>
    </error>
  </testcase> <!-- toolsQATestNG -->
  <system-out/>
  <testcase classname="com.TestNG.RunTestNG" name="pruebaInicialTestNG" time="0.001"/>
  <system-out/>
  <testcase classname="com.TestNG.RunTestNG" name="mercadoLibreTestNG" time="0.003"/>
  <system-out/>
</testsuite> <!-- com.TestNG.RunTestNG -->
