<?xml version="1.0" encoding="UTF-8"?>
<!-- Generated by org.testng.reporters.JUnitReportReporter -->
<testsuite hostname="DESKTOP-V7QB8EL" failures="0" tests="1" name="com.TestNG.EjemploTestNG" time="22.806" errors="0" timestamp="2022-02-24T10:03:03 COT" skipped="0">
  <testcase classname="com.TestNG.EjemploTestNG" name="pruebaInicialTestNG" time="22.806"/>
  <system-out/>
</testsuite> <!-- com.TestNG.EjemploTestNG -->
